Using pre-set license
Built from '2020.3/release' branch; Version is '2020.3.1f1 (77a89f25062f) revision 7841951'; Using compiler version '192528614'; Build Type 'Release'
OS: 'Windows 10 Pro; OS build 22000.1219; Version 2009; 64bit' Language: 'tr' Physical Memory: 16221 MB
BatchMode: 1, IsHumanControllingUs: 0, StartBugReporterOnCrash: 0, Is64bit: 1, IsPro: 0

 COMMAND LINE ARGUMENTS:
C:\Program Files\Unity\Hub\Editor\2020.3.1f1\Editor\Unity.exe
-adb2
-batchMode
-noUpm
-name
AssetImportWorker0
-projectPath
C:/Users/ayber/Slappy Bird
-logFile
Logs/AssetImportWorker0.log
-srvPort
61201
Successfully changed project path to: C:/Users/ayber/Slappy Bird
C:/Users/ayber/Slappy Bird
Using Asset Import Pipeline V2.
Refreshing native plugins compatible for Editor in 36.59 ms, found 1 plugins.
Preloading 0 native plugins for Editor in 0.00 ms.
Initialize engine version: 2020.3.1f1 (77a89f25062f)
[Subsystems] Discovering subsystems at path C:/Program Files/Unity/Hub/Editor/2020.3.1f1/Editor/Data/Resources/UnitySubsystems
[Subsystems] Discovering subsystems at path C:/Users/ayber/Slappy Bird/Assets
GfxDevice: creating device client; threaded=0
Direct3D:
    Version:  Direct3D 11.0 [level 11.1]
    Renderer: NVIDIA GeForce GTX 1650 Ti (ID=0x1f95)
    Vendor:   
    VRAM:     3962 MB
    Driver:   31.0.15.1700
Initialize mono
Mono path[0] = 'C:/Program Files/Unity/Hub/Editor/2020.3.1f1/Editor/Data/Managed'
Mono path[1] = 'C:/Program Files/Unity/Hub/Editor/2020.3.1f1/Editor/Data/MonoBleedingEdge/lib/mono/unityjit'
Mono config path = 'C:/Program Files/Unity/Hub/Editor/2020.3.1f1/Editor/Data/MonoBleedingEdge/etc'
Using monoOptions --debugger-agent=transport=dt_socket,embedding=1,server=y,suspend=n,address=127.0.0.1:56380
Begin MonoManager ReloadAssembly
Registering precompiled unity dll's ...
Register platform support module: C:/Program Files/Unity/Hub/Editor/2020.3.1f1/Editor/Data/PlaybackEngines/WindowsStandaloneSupport/UnityEditor.WindowsStandalone.Extensions.dll
Registered in 0.001612 seconds.
Native extension for WindowsStandalone target not found
Refreshing native plugins compatible for Editor in 39.92 ms, found 1 plugins.
Preloading 0 native plugins for Editor in 0.00 ms.
Invoked RoslynAnalysisRunner static constructor.
RoslynAnalysisRunner will not be running.
RoslynAnalysisRunner has terminated.
Mono: successfully reloaded assembly
- Completed reload, in  1.610 seconds
Platform modules already initialized, skipping
Registering precompiled user dll's ...
Registered in 0.000789 seconds.
Begin MonoManager ReloadAssembly
Native extension for WindowsStandalone target not found
Refreshing native plugins compatible for Editor in 50.75 ms, found 1 plugins.
Preloading 0 native plugins for Editor in 0.00 ms.
Invoked RoslynAnalysisRunner static constructor.
RoslynAnalysisRunner will not be running.
RoslynAnalysisRunner has terminated.
Mono: successfully reloaded assembly
- Completed reload, in  1.084 seconds
Platform modules already initialized, skipping
========================================================================
Worker process is ready to serve import requests
Launched and connected shader compiler UnityShaderCompiler.exe after 0.03 seconds
Refreshing native plugins compatible for Editor in 0.43 ms, found 1 plugins.
Preloading 0 native plugins for Editor in 0.00 ms.
Unloading 1812 Unused Serialized files (Serialized files now loaded: 0)
System memory in use before: 84.8 MB.
System memory in use after: 84.8 MB.

Unloading 24 unused Assets to reduce memory usage. Loaded Objects now: 2256.
Total: 2.607000 ms (FindLiveObjects: 0.157000 ms CreateObjectMapping: 0.075100 ms MarkObjects: 2.235000 ms  DeleteObjects: 0.138900 ms)

========================================================================
Received Import Request.
  path: Assets/Sounds/183949__kyster__bom.wav
  artifactKey: Guid(e1bc86d01a3b2334b961daf2df63b4a5) Importer(815301076,1909f56bfc062723c751e8b465ee728b)
Start importing Assets/Sounds/183949__kyster__bom.wav using Guid(e1bc86d01a3b2334b961daf2df63b4a5) Importer(815301076,1909f56bfc062723c751e8b465ee728b)  -> (artifact id: '5ad77b79a0cb71cc88ef81349e5e9eae') in 0.107662 seconds
  Import took 0.110562 seconds .

========================================================================
Received Import Request.
  Time since last request: 46.219240 seconds.
  path: Assets/Scripts/Player.cs
  artifactKey: Guid(fcaafd20adf15f94eba6fed00f90f420) Importer(815301076,1909f56bfc062723c751e8b465ee728b)
Start importing Assets/Scripts/Player.cs using Guid(fcaafd20adf15f94eba6fed00f90f420) Importer(815301076,1909f56bfc062723c751e8b465ee728b)  -> (artifact id: '5703e38201d6b320d03b2a855166b45f') in 0.007106 seconds
  Import took 0.010481 seconds .

========================================================================
Received Prepare
Registering precompiled user dll's ...
Registered in 0.001837 seconds.
Begin MonoManager ReloadAssembly
Native extension for WindowsStandalone target not found
Refreshing native plugins compatible for Editor in 0.45 ms, found 1 plugins.
Preloading 0 native plugins for Editor in 0.00 ms.
Invoked RoslynAnalysisRunner static constructor.
RoslynAnalysisRunner will not be running.
RoslynAnalysisRunner has terminated.
Mono: successfully reloaded assembly
- Completed reload, in  1.223 seconds
Platform modules already initialized, skipping
Switching build target platform(5) subTarget(0) extendedPlatform(0) -> platform(13) subTarget(537395200) extendedPlatform(0)
Refreshing native plugins compatible for Editor in 0.42 ms, found 1 plugins.
Preloading 0 native plugins for Editor in 0.00 ms.
Unloading 1810 Unused Serialized files (Serialized files now loaded: 0)
System memory in use before: 87.9 MB.
System memory in use after: 87.9 MB.

Unloading 12 unused Assets to reduce memory usage. Loaded Objects now: 2269.
Total: 2.599600 ms (FindLiveObjects: 0.250500 ms CreateObjectMapping: 0.137000 ms MarkObjects: 2.069700 ms  DeleteObjects: 0.140300 ms)

AssetImportParameters requested are different than current active one (requested -> active):
  custom:graphics/normal-map-encoding: 01000000000000000000000000000000 -> 02000000000000000000000000000000
========================================================================
Received Prepare
Registering precompiled user dll's ...
Registered in 0.001332 seconds.
Begin MonoManager ReloadAssembly
Native extension for WindowsStandalone target not found
Refreshing native plugins compatible for Editor in 0.35 ms, found 1 plugins.
Preloading 0 native plugins for Editor in 0.00 ms.
Invoked RoslynAnalysisRunner static constructor.
RoslynAnalysisRunner will not be running.
RoslynAnalysisRunner has terminated.
Mono: successfully reloaded assembly
- Completed reload, in  1.050 seconds
Platform modules already initialized, skipping
Switching build target platform(5) subTarget(0) extendedPlatform(0) -> platform(13) subTarget(537395200) extendedPlatform(0)
Refreshing native plugins compatible for Editor in 0.35 ms, found 1 plugins.
Preloading 0 native plugins for Editor in 0.00 ms.
Unloading 1810 Unused Serialized files (Serialized files now loaded: 0)
System memory in use before: 88.0 MB.
System memory in use after: 88.0 MB.

Unloading 12 unused Assets to reduce memory usage. Loaded Objects now: 2273.
Total: 1.767800 ms (FindLiveObjects: 0.178500 ms CreateObjectMapping: 0.066400 ms MarkObjects: 1.430800 ms  DeleteObjects: 0.091300 ms)

AssetImportParameters requested are different than current active one (requested -> active):
  custom:graphics/normal-map-encoding: 01000000000000000000000000000000 -> 02000000000000000000000000000000
========================================================================
Received Import Request.
  Time since last request: 18.157760 seconds.
  path: Assets/Scripts/Player.cs
  artifactKey: Guid(fcaafd20adf15f94eba6fed00f90f420) Importer(815301076,1909f56bfc062723c751e8b465ee728b)
Start importing Assets/Scripts/Player.cs using Guid(fcaafd20adf15f94eba6fed00f90f420) Importer(815301076,1909f56bfc062723c751e8b465ee728b)  -> (artifact id: '37ce8deb363b0766c4f004899063acab') in 0.003494 seconds
  Import took 0.006930 seconds .

========================================================================
Received Import Request.
  Time since last request: 32.571806 seconds.
  path: Assets/Sounds/WhatsApp Ptt 2022-12-13 at 19.02.55.ogg
  artifactKey: Guid(62165f01f476cb6448628cf61a42e08c) Importer(815301076,1909f56bfc062723c751e8b465ee728b)
Start importing Assets/Sounds/WhatsApp Ptt 2022-12-13 at 19.02.55.ogg using Guid(62165f01f476cb6448628cf61a42e08c) Importer(815301076,1909f56bfc062723c751e8b465ee728b)  -> (artifact id: 'a98a278af240bbe7c91e02fcb313cb28') in 0.011664 seconds
  Import took 0.014808 seconds .

========================================================================
Received Import Request.
  Time since last request: 0.000511 seconds.
  path: Assets/Sounds/WhatsApp Ptt 2022-12-13 at 19.02.55.ogg
  artifactKey: Guid(62165f01f476cb6448628cf61a42e08c) Importer(815301076,1909f56bfc062723c751e8b465ee728b)
Start importing Assets/Sounds/WhatsApp Ptt 2022-12-13 at 19.02.55.ogg using Guid(62165f01f476cb6448628cf61a42e08c) Importer(815301076,1909f56bfc062723c751e8b465ee728b)  -> (artifact id: 'a98a278af240bbe7c91e02fcb313cb28') in 0.002215 seconds
  Import took 0.005199 seconds .

========================================================================
Received Import Request.
  Time since last request: 66.467953 seconds.
  path: Assets/Sounds/WhatsApp-Ptt-2022-12-13-at-19.02.55.wav
  artifactKey: Guid(6bf454f51fcf8494a94cf881b91a036d) Importer(815301076,1909f56bfc062723c751e8b465ee728b)
Start importing Assets/Sounds/WhatsApp-Ptt-2022-12-13-at-19.02.55.wav using Guid(6bf454f51fcf8494a94cf881b91a036d) Importer(815301076,1909f56bfc062723c751e8b465ee728b)  -> (artifact id: 'd5b08c51b7eb25b7f71f8e90f43d5418') in 0.032334 seconds
  Import took 0.035995 seconds .

========================================================================
Received Prepare
Registering precompiled user dll's ...
Registered in 0.000708 seconds.
Begin MonoManager ReloadAssembly
Native extension for WindowsStandalone target not found
Refreshing native plugins compatible for Editor in 0.33 ms, found 1 plugins.
Preloading 0 native plugins for Editor in 0.00 ms.
Invoked RoslynAnalysisRunner static constructor.
RoslynAnalysisRunner will not be running.
RoslynAnalysisRunner has terminated.
Mono: successfully reloaded assembly
- Completed reload, in  0.798 seconds
Platform modules already initialized, skipping
Switching build target platform(5) subTarget(0) extendedPlatform(0) -> platform(13) subTarget(537395200) extendedPlatform(0)
Refreshing native plugins compatible for Editor in 0.33 ms, found 1 plugins.
Preloading 0 native plugins for Editor in 0.00 ms.
Unloading 1810 Unused Serialized files (Serialized files now loaded: 0)
System memory in use before: 88.0 MB.
System memory in use after: 88.0 MB.

Unloading 12 unused Assets to reduce memory usage. Loaded Objects now: 2278.
Total: 2.423800 ms (FindLiveObjects: 0.208600 ms CreateObjectMapping: 0.057000 ms MarkObjects: 2.059600 ms  DeleteObjects: 0.097400 ms)

AssetImportParameters requested are different than current active one (requested -> active):
  custom:graphics/normal-map-encoding: 01000000000000000000000000000000 -> 02000000000000000000000000000000
========================================================================
Received Import Request.
  Time since last request: 311.840344 seconds.
  path: Assets/Sprites/Berkay_preview_rev_1.png
  artifactKey: Guid(7e5cc850677942d4a8c33c3a4f7de6a6) Importer(815301076,1909f56bfc062723c751e8b465ee728b)
Start importing Assets/Sprites/Berkay_preview_rev_1.png using Guid(7e5cc850677942d4a8c33c3a4f7de6a6) Importer(815301076,1909f56bfc062723c751e8b465ee728b)  -> (artifact id: 'e08dbeadbee03101232c4a77f299a97f') in 0.062984 seconds
  Import took 0.066312 seconds .

========================================================================
Received Prepare
Registering precompiled user dll's ...
Registered in 0.000735 seconds.
Begin MonoManager ReloadAssembly
Native extension for WindowsStandalone target not found
Refreshing native plugins compatible for Editor in 0.30 ms, found 1 plugins.
Preloading 0 native plugins for Editor in 0.00 ms.
Invoked RoslynAnalysisRunner static constructor.
RoslynAnalysisRunner will not be running.
RoslynAnalysisRunner has terminated.
Mono: successfully reloaded assembly
- Completed reload, in  0.752 seconds
Platform modules already initialized, skipping
Switching build target platform(5) subTarget(0) extendedPlatform(0) -> platform(13) subTarget(537395200) extendedPlatform(0)
Refreshing native plugins compatible for Editor in 0.31 ms, found 1 plugins.
Preloading 0 native plugins for Editor in 0.00 ms.
Unloading 1810 Unused Serialized files (Serialized files now loaded: 0)
System memory in use before: 88.0 MB.
System memory in use after: 88.0 MB.

Unloading 12 unused Assets to reduce memory usage. Loaded Objects now: 2286.
Total: 1.817400 ms (FindLiveObjects: 0.182400 ms CreateObjectMapping: 0.050700 ms MarkObjects: 1.453600 ms  DeleteObjects: 0.130100 ms)

AssetImportParameters requested are different than current active one (requested -> active):
  custom:graphics/normal-map-encoding: 01000000000000000000000000000000 -> 02000000000000000000000000000000
========================================================================
Received Prepare
Registering precompiled user dll's ...
Registered in 0.001263 seconds.
Begin MonoManager ReloadAssembly
Native extension for WindowsStandalone target not found
Refreshing native plugins compatible for Editor in 0.34 ms, found 1 plugins.
Preloading 0 native plugins for Editor in 0.00 ms.
Invoked RoslynAnalysisRunner static constructor.
RoslynAnalysisRunner will not be running.
RoslynAnalysisRunner has terminated.
Mono: successfully reloaded assembly
- Completed reload, in  0.954 seconds
Platform modules already initialized, skipping
Switching build target platform(5) subTarget(0) extendedPlatform(0) -> platform(13) subTarget(537395200) extendedPlatform(0)
Refreshing native plugins compatible for Editor in 0.35 ms, found 1 plugins.
Preloading 0 native plugins for Editor in 0.00 ms.
Unloading 1810 Unused Serialized files (Serialized files now loaded: 0)
System memory in use before: 88.0 MB.
System memory in use after: 88.0 MB.

Unloading 12 unused Assets to reduce memory usage. Loaded Objects now: 2290.
Total: 2.736800 ms (FindLiveObjects: 0.622300 ms CreateObjectMapping: 0.109900 ms MarkObjects: 1.902000 ms  DeleteObjects: 0.101700 ms)

AssetImportParameters requested are different than current active one (requested -> active):
  custom:graphics/normal-map-encoding: 01000000000000000000000000000000 -> 02000000000000000000000000000000
========================================================================
Received Import Request.
  Time since last request: 167.736175 seconds.
  path: Assets/Scripts/Borular.cs
  artifactKey: Guid(d803c1104a768724eaf3c2cff57d3d4e) Importer(815301076,1909f56bfc062723c751e8b465ee728b)
Start importing Assets/Scripts/Borular.cs using Guid(d803c1104a768724eaf3c2cff57d3d4e) Importer(815301076,1909f56bfc062723c751e8b465ee728b)  -> (artifact id: '471f890760a40942b8a5ac84d8c53d8b') in 0.012641 seconds
  Import took 0.016083 seconds .

========================================================================
Received Import Request.
  Time since last request: 2.058399 seconds.
  path: Assets/Prefabs/Borular.prefab
  artifactKey: Guid(2d811ad730ae8ef42804a05e65b2770e) Importer(815301076,1909f56bfc062723c751e8b465ee728b)
Start importing Assets/Prefabs/Borular.prefab using Guid(2d811ad730ae8ef42804a05e65b2770e) Importer(815301076,1909f56bfc062723c751e8b465ee728b)  -> (artifact id: 'a48ccf61a1335b97c8dba990ba5b7a19') in 0.054097 seconds
  Import took 0.057771 seconds .

========================================================================
Received Import Request.
  Time since last request: 11.114434 seconds.
  path: Assets/Prefabs/Borular.prefab
  artifactKey: Guid(2d811ad730ae8ef42804a05e65b2770e) Importer(815301076,1909f56bfc062723c751e8b465ee728b)
Start importing Assets/Prefabs/Borular.prefab using Guid(2d811ad730ae8ef42804a05e65b2770e) Importer(815301076,1909f56bfc062723c751e8b465ee728b)  -> (artifact id: 'dce3711f62f29ba8d6727f736c07158b') in 0.007970 seconds
  Import took 0.011342 seconds .

========================================================================
Received Import Request.
  Time since last request: 0.016063 seconds.
  path: Assets/Prefabs/Borular.prefab
  artifactKey: Guid(2d811ad730ae8ef42804a05e65b2770e) Importer(815301076,1909f56bfc062723c751e8b465ee728b)
Start importing Assets/Prefabs/Borular.prefab using Guid(2d811ad730ae8ef42804a05e65b2770e) Importer(815301076,1909f56bfc062723c751e8b465ee728b)  -> (artifact id: 'dce3711f62f29ba8d6727f736c07158b') in 0.007947 seconds
  Import took 0.011273 seconds .

========================================================================
Received Import Request.
  Time since last request: 11.979100 seconds.
  path: Assets/Prefabs/Borular.prefab
  artifactKey: Guid(2d811ad730ae8ef42804a05e65b2770e) Importer(815301076,1909f56bfc062723c751e8b465ee728b)
Start importing Assets/Prefabs/Borular.prefab using Guid(2d811ad730ae8ef42804a05e65b2770e) Importer(815301076,1909f56bfc062723c751e8b465ee728b)  -> (artifact id: '587ff7d7a71970f3182f1ef4206d925e') in 0.008096 seconds
  Import took 0.011461 seconds .

========================================================================
Received Import Request.
  Time since last request: 0.061123 seconds.
  path: Assets/Prefabs/Borular.prefab
  artifactKey: Guid(2d811ad730ae8ef42804a05e65b2770e) Importer(815301076,1909f56bfc062723c751e8b465ee728b)
Start importing Assets/Prefabs/Borular.prefab using Guid(2d811ad730ae8ef42804a05e65b2770e) Importer(815301076,1909f56bfc062723c751e8b465ee728b)  -> (artifact id: '587ff7d7a71970f3182f1ef4206d925e') in 0.007936 seconds
  Import took 0.011324 seconds .

========================================================================
Received Import Request.
  Time since last request: 15.218860 seconds.
  path: Assets/Prefabs/Borular.prefab
  artifactKey: Guid(2d811ad730ae8ef42804a05e65b2770e) Importer(815301076,1909f56bfc062723c751e8b465ee728b)
Start importing Assets/Prefabs/Borular.prefab using Guid(2d811ad730ae8ef42804a05e65b2770e) Importer(815301076,1909f56bfc062723c751e8b465ee728b)  -> (artifact id: '2565316a44cda9bdced76a3439b20603') in 0.008653 seconds
  Import took 0.012021 seconds .

========================================================================
Received Import Request.
  Time since last request: 0.010795 seconds.
  path: Assets/Prefabs/Borular.prefab
  artifactKey: Guid(2d811ad730ae8ef42804a05e65b2770e) Importer(815301076,1909f56bfc062723c751e8b465ee728b)
Start importing Assets/Prefabs/Borular.prefab using Guid(2d811ad730ae8ef42804a05e65b2770e) Importer(815301076,1909f56bfc062723c751e8b465ee728b)  -> (artifact id: '2565316a44cda9bdced76a3439b20603') in 0.007959 seconds
  Import took 0.011380 seconds .

========================================================================
Received Import Request.
  Time since last request: 2.485888 seconds.
  path: Assets/Prefabs/Borular.prefab
  artifactKey: Guid(2d811ad730ae8ef42804a05e65b2770e) Importer(815301076,1909f56bfc062723c751e8b465ee728b)
Start importing Assets/Prefabs/Borular.prefab using Guid(2d811ad730ae8ef42804a05e65b2770e) Importer(815301076,1909f56bfc062723c751e8b465ee728b)  -> (artifact id: 'cbd7de8277b541802b197d30e0a9c839') in 0.008203 seconds
  Import took 0.011552 seconds .

========================================================================
Received Import Request.
  Time since last request: 0.008232 seconds.
  path: Assets/Prefabs/Borular.prefab
  artifactKey: Guid(2d811ad730ae8ef42804a05e65b2770e) Importer(815301076,1909f56bfc062723c751e8b465ee728b)
Start importing Assets/Prefabs/Borular.prefab using Guid(2d811ad730ae8ef42804a05e65b2770e) Importer(815301076,1909f56bfc062723c751e8b465ee728b)  -> (artifact id: 'cbd7de8277b541802b197d30e0a9c839') in 0.008219 seconds
  Import took 0.011854 seconds .

========================================================================
Received Import Request.
  Time since last request: 7.182498 seconds.
  path: Assets/Prefabs/Borular.prefab
  artifactKey: Guid(2d811ad730ae8ef42804a05e65b2770e) Importer(815301076,1909f56bfc062723c751e8b465ee728b)
Start importing Assets/Prefabs/Borular.prefab using Guid(2d811ad730ae8ef42804a05e65b2770e) Importer(815301076,1909f56bfc062723c751e8b465ee728b)  -> (artifact id: '5d6d1551735e747fd105ee0dfa9ebf5d') in 0.008743 seconds
  Import took 0.012178 seconds .

========================================================================
Received Import Request.
  Time since last request: 0.007756 seconds.
  path: Assets/Prefabs/Borular.prefab
  artifactKey: Guid(2d811ad730ae8ef42804a05e65b2770e) Importer(815301076,1909f56bfc062723c751e8b465ee728b)
Start importing Assets/Prefabs/Borular.prefab using Guid(2d811ad730ae8ef42804a05e65b2770e) Importer(815301076,1909f56bfc062723c751e8b465ee728b)  -> (artifact id: '5d6d1551735e747fd105ee0dfa9ebf5d') in 0.008240 seconds
  Import took 0.012220 seconds .

========================================================================
Received Prepare
Registering precompiled user dll's ...
Registered in 0.001126 seconds.
Begin MonoManager ReloadAssembly
Native extension for WindowsStandalone target not found
Refreshing native plugins compatible for Editor in 0.30 ms, found 1 plugins.
Preloading 0 native plugins for Editor in 0.00 ms.
Invoked RoslynAnalysisRunner static constructor.
RoslynAnalysisRunner will not be running.
RoslynAnalysisRunner has terminated.
Mono: successfully reloaded assembly
- Completed reload, in  0.789 seconds
Platform modules already initialized, skipping
Switching build target platform(5) subTarget(0) extendedPlatform(0) -> platform(13) subTarget(537395200) extendedPlatform(0)
Refreshing native plugins compatible for Editor in 0.31 ms, found 1 plugins.
Preloading 0 native plugins for Editor in 0.00 ms.
Unloading 1810 Unused Serialized files (Serialized files now loaded: 0)
System memory in use before: 88.1 MB.
System memory in use after: 88.1 MB.

Unloading 12 unused Assets to reduce memory usage. Loaded Objects now: 2295.
Total: 2.104100 ms (FindLiveObjects: 0.211600 ms CreateObjectMapping: 0.072600 ms MarkObjects: 1.714500 ms  DeleteObjects: 0.104500 ms)

AssetImportParameters requested are different than current active one (requested -> active):
  custom:graphics/normal-map-encoding: 01000000000000000000000000000000 -> 02000000000000000000000000000000
========================================================================
Received Import Request.
  Time since last request: 29.416990 seconds.
  path: Assets/Scripts/Yanma.cs
  artifactKey: Guid(061c0f825226f2f4194ba37b61061a7b) Importer(815301076,1909f56bfc062723c751e8b465ee728b)
Start importing Assets/Scripts/Yanma.cs using Guid(061c0f825226f2f4194ba37b61061a7b) Importer(815301076,1909f56bfc062723c751e8b465ee728b)  -> (artifact id: '1652dd3ca5c10bd8ccaef22d21058463') in 0.005291 seconds
  Import took 0.008849 seconds .

========================================================================
Received Prepare
Registering precompiled user dll's ...
Registered in 0.002424 seconds.
Begin MonoManager ReloadAssembly
Native extension for WindowsStandalone target not found
Refreshing native plugins compatible for Editor in 0.55 ms, found 1 plugins.
Preloading 0 native plugins for Editor in 0.00 ms.
Invoked RoslynAnalysisRunner static constructor.
RoslynAnalysisRunner will not be running.
RoslynAnalysisRunner has terminated.
Mono: successfully reloaded assembly
- Completed reload, in  1.000 seconds
Platform modules already initialized, skipping
Switching build target platform(5) subTarget(0) extendedPlatform(0) -> platform(13) subTarget(537395200) extendedPlatform(0)
Refreshing native plugins compatible for Editor in 0.35 ms, found 1 plugins.
Preloading 0 native plugins for Editor in 0.00 ms.
Unloading 1811 Unused Serialized files (Serialized files now loaded: 0)
System memory in use before: 88.1 MB.
System memory in use after: 88.1 MB.

Unloading 12 unused Assets to reduce memory usage. Loaded Objects now: 2300.
Total: 2.368400 ms (FindLiveObjects: 0.290200 ms CreateObjectMapping: 0.136800 ms MarkObjects: 1.796700 ms  DeleteObjects: 0.143200 ms)

AssetImportParameters requested are different than current active one (requested -> active):
  custom:graphics/normal-map-encoding: 01000000000000000000000000000000 -> 02000000000000000000000000000000
========================================================================
Received Prepare
Registering precompiled user dll's ...
Registered in 0.001163 seconds.
Begin MonoManager ReloadAssembly
Native extension for WindowsStandalone target not found
Refreshing native plugins compatible for Editor in 0.35 ms, found 1 plugins.
Preloading 0 native plugins for Editor in 0.00 ms.
Invoked RoslynAnalysisRunner static constructor.
RoslynAnalysisRunner will not be running.
RoslynAnalysisRunner has terminated.
Mono: successfully reloaded assembly
- Completed reload, in  0.926 seconds
Platform modules already initialized, skipping
Switching build target platform(5) subTarget(0) extendedPlatform(0) -> platform(13) subTarget(537395200) extendedPlatform(0)
Refreshing native plugins compatible for Editor in 0.37 ms, found 1 plugins.
Preloading 0 native plugins for Editor in 0.00 ms.
Unloading 1811 Unused Serialized files (Serialized files now loaded: 0)
System memory in use before: 88.1 MB.
System memory in use after: 88.1 MB.

Unloading 12 unused Assets to reduce memory usage. Loaded Objects now: 2304.
Total: 2.439700 ms (FindLiveObjects: 0.170200 ms CreateObjectMapping: 0.058300 ms MarkObjects: 2.102800 ms  DeleteObjects: 0.107700 ms)

AssetImportParameters requested are different than current active one (requested -> active):
  custom:graphics/normal-map-encoding: 01000000000000000000000000000000 -> 02000000000000000000000000000000
========================================================================
Received Import Request.
  Time since last request: 23.832265 seconds.
  path: Assets/Scripts/Borular.cs
  artifactKey: Guid(d803c1104a768724eaf3c2cff57d3d4e) Importer(815301076,1909f56bfc062723c751e8b465ee728b)
Start importing Assets/Scripts/Borular.cs using Guid(d803c1104a768724eaf3c2cff57d3d4e) Importer(815301076,1909f56bfc062723c751e8b465ee728b)  -> (artifact id: 'a55faf8cddeb01be8a0840db77342a82') in 0.003905 seconds
  Import took 0.006476 seconds .

========================================================================
Received Prepare
Registering precompiled user dll's ...
Registered in 0.001180 seconds.
Begin MonoManager ReloadAssembly
Native extension for WindowsStandalone target not found
Refreshing native plugins compatible for Editor in 0.35 ms, found 1 plugins.
Preloading 0 native plugins for Editor in 0.00 ms.
Invoked RoslynAnalysisRunner static constructor.
RoslynAnalysisRunner will not be running.
RoslynAnalysisRunner has terminated.
Mono: successfully reloaded assembly
- Completed reload, in  1.074 seconds
Platform modules already initialized, skipping
Switching build target platform(5) subTarget(0) extendedPlatform(0) -> platform(13) subTarget(537395200) extendedPlatform(0)
Refreshing native plugins compatible for Editor in 0.34 ms, found 1 plugins.
Preloading 0 native plugins for Editor in 0.00 ms.
Unloading 1811 Unused Serialized files (Serialized files now loaded: 0)
System memory in use before: 88.2 MB.
System memory in use after: 88.1 MB.

Unloading 12 unused Assets to reduce memory usage. Loaded Objects now: 2308.
Total: 2.431200 ms (FindLiveObjects: 0.214700 ms CreateObjectMapping: 0.069900 ms MarkObjects: 2.027500 ms  DeleteObjects: 0.118000 ms)

AssetImportParameters requested are different than current active one (requested -> active):
  custom:graphics/normal-map-encoding: 01000000000000000000000000000000 -> 02000000000000000000000000000000
========================================================================
Received Import Request.
  Time since last request: 38.360697 seconds.
  path: Assets/Scripts/Yanma.cs
  artifactKey: Guid(061c0f825226f2f4194ba37b61061a7b) Importer(815301076,1909f56bfc062723c751e8b465ee728b)
Start importing Assets/Scripts/Yanma.cs using Guid(061c0f825226f2f4194ba37b61061a7b) Importer(815301076,1909f56bfc062723c751e8b465ee728b)  -> (artifact id: 'ce2bbef736b355f3c16eb07c5c44ef65') in 0.004090 seconds
  Import took 0.007045 seconds .

========================================================================
Received Prepare
Registering precompiled user dll's ...
Registered in 0.000833 seconds.
Begin MonoManager ReloadAssembly
Native extension for WindowsStandalone target not found
Refreshing native plugins compatible for Editor in 0.30 ms, found 1 plugins.
Preloading 0 native plugins for Editor in 0.00 ms.
Invoked RoslynAnalysisRunner static constructor.
RoslynAnalysisRunner will not be running.
RoslynAnalysisRunner has terminated.
Mono: successfully reloaded assembly
- Completed reload, in  0.808 seconds
Platform modules already initialized, skipping
Switching build target platform(5) subTarget(0) extendedPlatform(0) -> platform(13) subTarget(537395200) extendedPlatform(0)
Refreshing native plugins compatible for Editor in 0.30 ms, found 1 plugins.
Preloading 0 native plugins for Editor in 0.00 ms.
Unloading 1811 Unused Serialized files (Serialized files now loaded: 0)
System memory in use before: 88.2 MB.
System memory in use after: 88.2 MB.

Unloading 12 unused Assets to reduce memory usage. Loaded Objects now: 2312.
Total: 1.715400 ms (FindLiveObjects: 0.152300 ms CreateObjectMapping: 0.053400 ms MarkObjects: 1.426700 ms  DeleteObjects: 0.082100 ms)

AssetImportParameters requested are different than current active one (requested -> active):
  custom:graphics/normal-map-encoding: 01000000000000000000000000000000 -> 02000000000000000000000000000000
========================================================================
Received Prepare
Registering precompiled user dll's ...
Registered in 0.001205 seconds.
Begin MonoManager ReloadAssembly
Native extension for WindowsStandalone target not found
Refreshing native plugins compatible for Editor in 0.30 ms, found 1 plugins.
Preloading 0 native plugins for Editor in 0.00 ms.
Invoked RoslynAnalysisRunner static constructor.
RoslynAnalysisRunner will not be running.
RoslynAnalysisRunner has terminated.
Mono: successfully reloaded assembly
- Completed reload, in  0.829 seconds
Platform modules already initialized, skipping
Switching build target platform(5) subTarget(0) extendedPlatform(0) -> platform(13) subTarget(537395200) extendedPlatform(0)
Refreshing native plugins compatible for Editor in 0.42 ms, found 1 plugins.
Preloading 0 native plugins for Editor in 0.00 ms.
Unloading 1811 Unused Serialized files (Serialized files now loaded: 0)
System memory in use before: 88.2 MB.
System memory in use after: 88.2 MB.

Unloading 12 unused Assets to reduce memory usage. Loaded Objects now: 2316.
Total: 2.173800 ms (FindLiveObjects: 0.263700 ms CreateObjectMapping: 0.133400 ms MarkObjects: 1.667000 ms  DeleteObjects: 0.108500 ms)

AssetImportParameters requested are different than current active one (requested -> active):
  custom:graphics/normal-map-encoding: 01000000000000000000000000000000 -> 02000000000000000000000000000000
========================================================================
Received Prepare
Registering precompiled user dll's ...
Registered in 0.000886 seconds.
Begin MonoManager ReloadAssembly
Native extension for WindowsStandalone target not found
Refreshing native plugins compatible for Editor in 0.34 ms, found 1 plugins.
Preloading 0 native plugins for Editor in 0.00 ms.
Invoked RoslynAnalysisRunner static constructor.
RoslynAnalysisRunner will not be running.
RoslynAnalysisRunner has terminated.
Mono: successfully reloaded assembly
- Completed reload, in  1.108 seconds
Platform modules already initialized, skipping
Switching build target platform(5) subTarget(0) extendedPlatform(0) -> platform(13) subTarget(537395200) extendedPlatform(0)
Refreshing native plugins compatible for Editor in 0.34 ms, found 1 plugins.
Preloading 0 native plugins for Editor in 0.00 ms.
Unloading 1810 Unused Serialized files (Serialized files now loaded: 0)
System memory in use before: 88.2 MB.
System memory in use after: 88.2 MB.

Unloading 13 unused Assets to reduce memory usage. Loaded Objects now: 2319.
Total: 2.181900 ms (FindLiveObjects: 0.186100 ms CreateObjectMapping: 0.070800 ms MarkObjects: 1.805000 ms  DeleteObjects: 0.118800 ms)

AssetImportParameters requested are different than current active one (requested -> active):
  custom:graphics/normal-map-encoding: 01000000000000000000000000000000 -> 02000000000000000000000000000000
========================================================================
Received Import Request.
  Time since last request: 223.210736 seconds.
  path: Assets/Scripts/Player.cs
  artifactKey: Guid(fcaafd20adf15f94eba6fed00f90f420) Importer(815301076,1909f56bfc062723c751e8b465ee728b)
Start importing Assets/Scripts/Player.cs using Guid(fcaafd20adf15f94eba6fed00f90f420) Importer(815301076,1909f56bfc062723c751e8b465ee728b)  -> (artifact id: '0ff8fa2b06b9ef6ded6f19a69a2b4b99') in 0.004209 seconds
  Import took 0.007100 seconds .

========================================================================
Received Prepare
Registering precompiled user dll's ...
Registered in 0.001992 seconds.
Begin MonoManager ReloadAssembly
Native extension for WindowsStandalone target not found
Refreshing native plugins compatible for Editor in 0.33 ms, found 1 plugins.
Preloading 0 native plugins for Editor in 0.00 ms.
Invoked RoslynAnalysisRunner static constructor.
RoslynAnalysisRunner will not be running.
RoslynAnalysisRunner has terminated.
Mono: successfully reloaded assembly
- Completed reload, in  1.026 seconds
Platform modules already initialized, skipping
Switching build target platform(5) subTarget(0) extendedPlatform(0) -> platform(13) subTarget(537395200) extendedPlatform(0)
Refreshing native plugins compatible for Editor in 0.41 ms, found 1 plugins.
Preloading 0 native plugins for Editor in 0.00 ms.
Unloading 1810 Unused Serialized files (Serialized files now loaded: 0)
System memory in use before: 88.2 MB.
System memory in use after: 88.2 MB.

Unloading 12 unused Assets to reduce memory usage. Loaded Objects now: 2323.
Total: 2.740800 ms (FindLiveObjects: 0.401100 ms CreateObjectMapping: 0.142400 ms MarkObjects: 2.070900 ms  DeleteObjects: 0.124900 ms)

AssetImportParameters requested are different than current active one (requested -> active):
  custom:graphics/normal-map-encoding: 01000000000000000000000000000000 -> 02000000000000000000000000000000
========================================================================
Received Import Request.
  Time since last request: 130.557114 seconds.
  path: Assets/Scripts/Player.cs
  artifactKey: Guid(fcaafd20adf15f94eba6fed00f90f420) Importer(815301076,1909f56bfc062723c751e8b465ee728b)
Start importing Assets/Scripts/Player.cs using Guid(fcaafd20adf15f94eba6fed00f90f420) Importer(815301076,1909f56bfc062723c751e8b465ee728b)  -> (artifact id: 'f374a7e2b8383346245d56d95042f671') in 0.004766 seconds
  Import took 0.008244 seconds .

========================================================================
Received Prepare
Registering precompiled user dll's ...
Registered in 0.001063 seconds.
Begin MonoManager ReloadAssembly
Native extension for WindowsStandalone target not found
Refreshing native plugins compatible for Editor in 0.36 ms, found 1 plugins.
Preloading 0 native plugins for Editor in 0.00 ms.
Invoked RoslynAnalysisRunner static constructor.
RoslynAnalysisRunner will not be running.
RoslynAnalysisRunner has terminated.
Mono: successfully reloaded assembly
- Completed reload, in  0.847 seconds
Platform modules already initialized, skipping
Switching build target platform(5) subTarget(0) extendedPlatform(0) -> platform(13) subTarget(537395200) extendedPlatform(0)
Refreshing native plugins compatible for Editor in 0.36 ms, found 1 plugins.
Preloading 0 native plugins for Editor in 0.00 ms.
Unloading 1810 Unused Serialized files (Serialized files now loaded: 0)
System memory in use before: 88.2 MB.
System memory in use after: 88.2 MB.

Unloading 12 unused Assets to reduce memory usage. Loaded Objects now: 2327.
Total: 2.070800 ms (FindLiveObjects: 0.199400 ms CreateObjectMapping: 0.073100 ms MarkObjects: 1.705500 ms  DeleteObjects: 0.091400 ms)

AssetImportParameters requested are different than current active one (requested -> active):
  custom:graphics/normal-map-encoding: 01000000000000000000000000000000 -> 02000000000000000000000000000000
========================================================================
Received Import Request.
  Time since last request: 140.856028 seconds.
  path: Assets/Scripts/GameManager.cs
  artifactKey: Guid(ea13b1f6072606e4a8d7768d1d11cdec) Importer(815301076,1909f56bfc062723c751e8b465ee728b)
Start importing Assets/Scripts/GameManager.cs using Guid(ea13b1f6072606e4a8d7768d1d11cdec) Importer(815301076,1909f56bfc062723c751e8b465ee728b)  -> (artifact id: 'b9b3283e3708bc94458750269a24f76b') in 0.004107 seconds
  Import took 0.007209 seconds .

========================================================================
Received Prepare
Registering precompiled user dll's ...
Registered in 0.001015 seconds.
Begin MonoManager ReloadAssembly
Native extension for WindowsStandalone target not found
Refreshing native plugins compatible for Editor in 0.33 ms, found 1 plugins.
Preloading 0 native plugins for Editor in 0.00 ms.
Invoked RoslynAnalysisRunner static constructor.
RoslynAnalysisRunner will not be running.
RoslynAnalysisRunner has terminated.
Mono: successfully reloaded assembly
- Completed reload, in  0.963 seconds
Platform modules already initialized, skipping
Switching build target platform(5) subTarget(0) extendedPlatform(0) -> platform(13) subTarget(537395200) extendedPlatform(0)
Refreshing native plugins compatible for Editor in 0.35 ms, found 1 plugins.
Preloading 0 native plugins for Editor in 0.00 ms.
Unloading 1810 Unused Serialized files (Serialized files now loaded: 0)
System memory in use before: 88.2 MB.
System memory in use after: 88.2 MB.

Unloading 12 unused Assets to reduce memory usage. Loaded Objects now: 2331.
Total: 2.177900 ms (FindLiveObjects: 0.270000 ms CreateObjectMapping: 0.085200 ms MarkObjects: 1.716200 ms  DeleteObjects: 0.105600 ms)

AssetImportParameters requested are different than current active one (requested -> active):
  custom:graphics/normal-map-encoding: 01000000000000000000000000000000 -> 02000000000000000000000000000000
========================================================================
Received Import Request.
  Time since last request: 19.268520 seconds.
  path: Assets/Scripts/GameManager.cs
  artifactKey: Guid(ea13b1f6072606e4a8d7768d1d11cdec) Importer(815301076,1909f56bfc062723c751e8b465ee728b)
Start importing Assets/Scripts/GameManager.cs using Guid(ea13b1f6072606e4a8d7768d1d11cdec) Importer(815301076,1909f56bfc062723c751e8b465ee728b)  -> (artifact id: '5707d633ab36de95aa3c88e95e54353f') in 0.004400 seconds
  Import took 0.007701 seconds .

========================================================================
Received Import Request.
  Time since last request: 0.002151 seconds.
  path: Assets/Scripts/GameManager.cs
  artifactKey: Guid(ea13b1f6072606e4a8d7768d1d11cdec) Importer(815301076,1909f56bfc062723c751e8b465ee728b)
Start importing Assets/Scripts/GameManager.cs using Guid(ea13b1f6072606e4a8d7768d1d11cdec) Importer(815301076,1909f56bfc062723c751e8b465ee728b)  -> (artifact id: '5707d633ab36de95aa3c88e95e54353f') in 0.002080 seconds
  Import took 0.005000 seconds .

========================================================================
Received Prepare
Registering precompiled user dll's ...
Registered in 0.001280 seconds.
Begin MonoManager ReloadAssembly
Native extension for WindowsStandalone target not found
Refreshing native plugins compatible for Editor in 0.36 ms, found 1 plugins.
Preloading 0 native plugins for Editor in 0.00 ms.
Invoked RoslynAnalysisRunner static constructor.
RoslynAnalysisRunner will not be running.
RoslynAnalysisRunner has terminated.
Mono: successfully reloaded assembly
- Completed reload, in  0.975 seconds
Platform modules already initialized, skipping
Switching build target platform(5) subTarget(0) extendedPlatform(0) -> platform(13) subTarget(537395200) extendedPlatform(0)
Refreshing native plugins compatible for Editor in 0.36 ms, found 1 plugins.
Preloading 0 native plugins for Editor in 0.00 ms.
Unloading 1810 Unused Serialized files (Serialized files now loaded: 0)
System memory in use before: 88.2 MB.
System memory in use after: 88.2 MB.

Unloading 12 unused Assets to reduce memory usage. Loaded Objects now: 2335.
Total: 2.030100 ms (FindLiveObjects: 0.245500 ms CreateObjectMapping: 0.072900 ms MarkObjects: 1.601200 ms  DeleteObjects: 0.109500 ms)

AssetImportParameters requested are different than current active one (requested -> active):
  custom:graphics/normal-map-encoding: 01000000000000000000000000000000 -> 02000000000000000000000000000000
========================================================================
Received Prepare
Registering precompiled user dll's ...
Registered in 0.001151 seconds.
Begin MonoManager ReloadAssembly
Native extension for WindowsStandalone target not found
Refreshing native plugins compatible for Editor in 0.30 ms, found 1 plugins.
Preloading 0 native plugins for Editor in 0.00 ms.
Invoked RoslynAnalysisRunner static constructor.
RoslynAnalysisRunner will not be running.
RoslynAnalysisRunner has terminated.
Mono: successfully reloaded assembly
- Completed reload, in  0.959 seconds
Platform modules already initialized, skipping
Switching build target platform(5) subTarget(0) extendedPlatform(0) -> platform(13) subTarget(537395200) extendedPlatform(0)
Refreshing native plugins compatible for Editor in 0.34 ms, found 1 plugins.
Preloading 0 native plugins for Editor in 0.00 ms.
Unloading 1810 Unused Serialized files (Serialized files now loaded: 0)
System memory in use before: 88.2 MB.
System memory in use after: 88.2 MB.

Unloading 12 unused Assets to reduce memory usage. Loaded Objects now: 2339.
Total: 2.273100 ms (FindLiveObjects: 0.465600 ms CreateObjectMapping: 0.214800 ms MarkObjects: 1.501200 ms  DeleteObjects: 0.089100 ms)

AssetImportParameters requested are different than current active one (requested -> active):
  custom:graphics/normal-map-encoding: 01000000000000000000000000000000 -> 02000000000000000000000000000000
========================================================================
Received Prepare
Registering precompiled user dll's ...
Registered in 0.000749 seconds.
Begin MonoManager ReloadAssembly
Native extension for WindowsStandalone target not found
Refreshing native plugins compatible for Editor in 0.32 ms, found 1 plugins.
Preloading 0 native plugins for Editor in 0.00 ms.
Invoked RoslynAnalysisRunner static constructor.
RoslynAnalysisRunner will not be running.
RoslynAnalysisRunner has terminated.
Mono: successfully reloaded assembly
- Completed reload, in  0.934 seconds
Platform modules already initialized, skipping
Switching build target platform(5) subTarget(0) extendedPlatform(0) -> platform(13) subTarget(537395200) extendedPlatform(0)
Refreshing native plugins compatible for Editor in 0.34 ms, found 1 plugins.
Preloading 0 native plugins for Editor in 0.00 ms.
Unloading 1810 Unused Serialized files (Serialized files now loaded: 0)
System memory in use before: 88.2 MB.
System memory in use after: 88.2 MB.

Unloading 12 unused Assets to reduce memory usage. Loaded Objects now: 2343.
Total: 1.947400 ms (FindLiveObjects: 0.200000 ms CreateObjectMapping: 0.062300 ms MarkObjects: 1.580200 ms  DeleteObjects: 0.104000 ms)

AssetImportParameters requested are different than current active one (requested -> active):
  custom:graphics/normal-map-encoding: 01000000000000000000000000000000 -> 02000000000000000000000000000000
========================================================================
Received Prepare
Registering precompiled user dll's ...
Registered in 0.001191 seconds.
Begin MonoManager ReloadAssembly
Native extension for WindowsStandalone target not found
Refreshing native plugins compatible for Editor in 0.30 ms, found 1 plugins.
Preloading 0 native plugins for Editor in 0.00 ms.
Invoked RoslynAnalysisRunner static constructor.
RoslynAnalysisRunner will not be running.
RoslynAnalysisRunner has terminated.
Mono: successfully reloaded assembly
- Completed reload, in  0.998 seconds
Platform modules already initialized, skipping
Switching build target platform(5) subTarget(0) extendedPlatform(0) -> platform(13) subTarget(537395200) extendedPlatform(0)
Refreshing native plugins compatible for Editor in 0.32 ms, found 1 plugins.
Preloading 0 native plugins for Editor in 0.00 ms.
Unloading 1810 Unused Serialized files (Serialized files now loaded: 0)
System memory in use before: 88.2 MB.
System memory in use after: 88.2 MB.

Unloading 12 unused Assets to reduce memory usage. Loaded Objects now: 2347.
Total: 2.582300 ms (FindLiveObjects: 0.281900 ms CreateObjectMapping: 0.149300 ms MarkObjects: 2.047900 ms  DeleteObjects: 0.102300 ms)

AssetImportParameters requested are different than current active one (requested -> active):
  custom:graphics/normal-map-encoding: 01000000000000000000000000000000 -> 02000000000000000000000000000000
========================================================================
Received Prepare
Registering precompiled user dll's ...
Registered in 0.000870 seconds.
Begin MonoManager ReloadAssembly
Native extension for WindowsStandalone target not found
Refreshing native plugins compatible for Editor in 0.34 ms, found 1 plugins.
Preloading 0 native plugins for Editor in 0.00 ms.
Invoked RoslynAnalysisRunner static constructor.
RoslynAnalysisRunner will not be running.
RoslynAnalysisRunner has terminated.
Mono: successfully reloaded assembly
- Completed reload, in  0.946 seconds
Platform modules already initialized, skipping
Switching build target platform(5) subTarget(0) extendedPlatform(0) -> platform(13) subTarget(537395200) extendedPlatform(0)
Refreshing native plugins compatible for Editor in 0.31 ms, found 1 plugins.
Preloading 0 native plugins for Editor in 0.00 ms.
Unloading 1810 Unused Serialized files (Serialized files now loaded: 0)
System memory in use before: 88.2 MB.
System memory in use after: 88.2 MB.

Unloading 12 unused Assets to reduce memory usage. Loaded Objects now: 2351.
Total: 2.340900 ms (FindLiveObjects: 0.297100 ms CreateObjectMapping: 0.079700 ms MarkObjects: 1.856700 ms  DeleteObjects: 0.106500 ms)

AssetImportParameters requested are different than current active one (requested -> active):
  custom:graphics/normal-map-encoding: 01000000000000000000000000000000 -> 02000000000000000000000000000000
========================================================================
Received Prepare
Registering precompiled user dll's ...
Registered in 0.000743 seconds.
Begin MonoManager ReloadAssembly
Native extension for WindowsStandalone target not found
Refreshing native plugins compatible for Editor in 0.30 ms, found 1 plugins.
Preloading 0 native plugins for Editor in 0.00 ms.
Invoked RoslynAnalysisRunner static constructor.
RoslynAnalysisRunner will not be running.
RoslynAnalysisRunner has terminated.
Mono: successfully reloaded assembly
- Completed reload, in  0.856 seconds
Platform modules already initialized, skipping
Switching build target platform(5) subTarget(0) extendedPlatform(0) -> platform(13) subTarget(537395200) extendedPlatform(0)
Refreshing native plugins compatible for Editor in 0.30 ms, found 1 plugins.
Preloading 0 native plugins for Editor in 0.00 ms.
Unloading 1810 Unused Serialized files (Serialized files now loaded: 0)
System memory in use before: 88.2 MB.
System memory in use after: 88.2 MB.

Unloading 12 unused Assets to reduce memory usage. Loaded Objects now: 2355.
Total: 1.906400 ms (FindLiveObjects: 0.287900 ms CreateObjectMapping: 0.152600 ms MarkObjects: 1.374200 ms  DeleteObjects: 0.090400 ms)

AssetImportParameters requested are different than current active one (requested -> active):
  custom:graphics/normal-map-encoding: 01000000000000000000000000000000 -> 02000000000000000000000000000000
========================================================================
Received Prepare
Refreshing native plugins compatible for Editor in 1.83 ms, found 1 plugins.
Preloading 0 native plugins for Editor in 0.00 ms.
Unloading 10 Unused Serialized files (Serialized files now loaded: 0)
System memory in use before: 52.7 MB.
System memory in use after: 52.7 MB.

Unloading 10 unused Assets to reduce memory usage. Loaded Objects now: 2355.
Total: 2.176100 ms (FindLiveObjects: 0.190100 ms CreateObjectMapping: 0.071200 ms MarkObjects: 1.790000 ms  DeleteObjects: 0.123300 ms)

AssetImportWorkerClient::OnTransportError - code=2 error=End of file
